This file contains any messages produced by compilers while
running configure, to aid debugging if configure makes a mistake.

It was created by protobuf-c configure 0.15, which was
generated by GNU Autoconf 2.68.  Invocation command line was

  $ ./configure 

## --------- ##
## Platform. ##
## --------- ##

hostname = zenfire
uname -m = x86_64
uname -r = 3.2.0-35-generic
uname -s = Linux
uname -v = #55-Ubuntu SMP Wed Dec 5 17:42:16 UTC 2012

/usr/bin/uname -p = unknown
/bin/uname -X     = unknown

/bin/arch              = unknown
/usr/bin/arch -k       = unknown
/usr/convex/getsysinfo = unknown
/usr/bin/hostinfo      = unknown
/bin/machine           = unknown
/usr/bin/oslevel       = unknown
/bin/universe          = unknown

PATH: /usr/lib/lightdm/lightdm
PATH: /usr/local/sbin
PATH: /usr/local/bin
PATH: /usr/sbin
PATH: /usr/bin
PATH: /sbin
PATH: /bin
PATH: /usr/games
PATH: /home/bmw39/s3funnel/scripts
PATH: /home/bmw39/v2.5/util/s3cmd
PATH: /usr/local/share/scala/bin


## ----------- ##
## Core tests. ##
## ----------- ##

configure:2446: checking for a BSD-compatible install
configure:2514: result: /usr/bin/install -c
configure:2525: checking whether build environment is sane
configure:2575: result: yes
configure:2716: checking for a thread-safe mkdir -p
configure:2755: result: /bin/mkdir -p
configure:2768: checking for gawk
configure:2798: result: no
configure:2768: checking for mawk
configure:2784: found /usr/bin/mawk
configure:2795: result: mawk
configure:2806: checking whether make sets $(MAKE)
configure:2828: result: yes
configure:2957: checking for gcc
configure:2973: found /usr/bin/gcc
configure:2984: result: gcc
configure:3213: checking for C compiler version
configure:3222: gcc --version >&5
gcc (Ubuntu/Linaro 4.6.3-1ubuntu5) 4.6.3
Copyright (C) 2011 Free Software Foundation, Inc.
This is free software; see the source for copying conditions.  There is NO
warranty; not even for MERCHANTABILITY or FITNESS FOR A PARTICULAR PURPOSE.

configure:3233: $? = 0
configure:3222: gcc -v >&5
Using built-in specs.
COLLECT_GCC=gcc
COLLECT_LTO_WRAPPER=/usr/lib/gcc/x86_64-linux-gnu/4.6/lto-wrapper
Target: x86_64-linux-gnu
Configured with: ../src/configure -v --with-pkgversion='Ubuntu/Linaro 4.6.3-1ubuntu5' --with-bugurl=file:///usr/share/doc/gcc-4.6/README.Bugs --enable-languages=c,c++,fortran,objc,obj-c++ --prefix=/usr --program-suffix=-4.6 --enable-shared --enable-linker-build-id --with-system-zlib --libexecdir=/usr/lib --without-included-gettext --enable-threads=posix --with-gxx-include-dir=/usr/include/c++/4.6 --libdir=/usr/lib --enable-nls --with-sysroot=/ --enable-clocale=gnu --enable-libstdcxx-debug --enable-libstdcxx-time=yes --enable-gnu-unique-object --enable-plugin --enable-objc-gc --disable-werror --with-arch-32=i686 --with-tune=generic --enable-checking=release --build=x86_64-linux-gnu --host=x86_64-linux-gnu --target=x86_64-linux-gnu
Thread model: posix
gcc version 4.6.3 (Ubuntu/Linaro 4.6.3-1ubuntu5) 
configure:3233: $? = 0
configure:3222: gcc -V >&5
gcc: error: unrecognized option '-V'
gcc: fatal error: no input files
compilation terminated.
configure:3233: $? = 4
configure:3222: gcc -qversion >&5
gcc: error: unrecognized option '-qversion'
gcc: fatal error: no input files
compilation terminated.
configure:3233: $? = 4
configure:3253: checking whether the C compiler works
configure:3275: gcc    conftest.c  >&5
configure:3279: $? = 0
configure:3327: result: yes
configure:3330: checking for C compiler default output file name
configure:3332: result: a.out
configure:3338: checking for suffix of executables
configure:3345: gcc -o conftest    conftest.c  >&5
configure:3349: $? = 0
configure:3371: result: 
configure:3393: checking whether we are cross compiling
configure:3401: gcc -o conftest    conftest.c  >&5
configure:3405: $? = 0
configure:3412: ./conftest
configure:3416: $? = 0
configure:3431: result: no
configure:3436: checking for suffix of object files
configure:3458: gcc -c   conftest.c >&5
configure:3462: $? = 0
configure:3483: result: o
configure:3487: checking whether we are using the GNU C compiler
configure:3506: gcc -c   conftest.c >&5
configure:3506: $? = 0
configure:3515: result: yes
configure:3524: checking whether gcc accepts -g
configure:3544: gcc -c -g  conftest.c >&5
configure:3544: $? = 0
configure:3585: result: yes
configure:3602: checking for gcc option to accept ISO C89
configure:3666: gcc  -c -g -O2  conftest.c >&5
configure:3666: $? = 0
configure:3679: result: none needed
configure:3710: checking for style of include used by make
configure:3738: result: GNU
configure:3764: checking dependency style of gcc
configure:3875: result: gcc3
configure:3948: checking for g++
configure:3964: found /usr/bin/g++
configure:3975: result: g++
configure:4002: checking for C++ compiler version
configure:4011: g++ --version >&5
g++ (Ubuntu/Linaro 4.6.3-1ubuntu5) 4.6.3
Copyright (C) 2011 Free Software Foundation, Inc.
This is free software; see the source for copying conditions.  There is NO
warranty; not even for MERCHANTABILITY or FITNESS FOR A PARTICULAR PURPOSE.

configure:4022: $? = 0
configure:4011: g++ -v >&5
Using built-in specs.
COLLECT_GCC=g++
COLLECT_LTO_WRAPPER=/usr/lib/gcc/x86_64-linux-gnu/4.6/lto-wrapper
Target: x86_64-linux-gnu
Configured with: ../src/configure -v --with-pkgversion='Ubuntu/Linaro 4.6.3-1ubuntu5' --with-bugurl=file:///usr/share/doc/gcc-4.6/README.Bugs --enable-languages=c,c++,fortran,objc,obj-c++ --prefix=/usr --program-suffix=-4.6 --enable-shared --enable-linker-build-id --with-system-zlib --libexecdir=/usr/lib --without-included-gettext --enable-threads=posix --with-gxx-include-dir=/usr/include/c++/4.6 --libdir=/usr/lib --enable-nls --with-sysroot=/ --enable-clocale=gnu --enable-libstdcxx-debug --enable-libstdcxx-time=yes --enable-gnu-unique-object --enable-plugin --enable-objc-gc --disable-werror --with-arch-32=i686 --with-tune=generic --enable-checking=release --build=x86_64-linux-gnu --host=x86_64-linux-gnu --target=x86_64-linux-gnu
Thread model: posix
gcc version 4.6.3 (Ubuntu/Linaro 4.6.3-1ubuntu5) 
configure:4022: $? = 0
configure:4011: g++ -V >&5
g++: error: unrecognized option '-V'
g++: fatal error: no input files
compilation terminated.
configure:4022: $? = 4
configure:4011: g++ -qversion >&5
g++: error: unrecognized option '-qversion'
g++: fatal error: no input files
compilation terminated.
configure:4022: $? = 4
configure:4026: checking whether we are using the GNU C++ compiler
configure:4045: g++ -c   conftest.cpp >&5
configure:4045: $? = 0
configure:4054: result: yes
configure:4063: checking whether g++ accepts -g
configure:4083: g++ -c -g  conftest.cpp >&5
configure:4083: $? = 0
configure:4124: result: yes
configure:4149: checking dependency style of g++
configure:4260: result: gcc3
configure:4304: checking build system type
configure:4318: result: x86_64-unknown-linux-gnu
configure:4338: checking host system type
configure:4351: result: x86_64-unknown-linux-gnu
configure:4392: checking how to print strings
configure:4419: result: printf
configure:4440: checking for a sed that does not truncate output
configure:4504: result: /bin/sed
configure:4522: checking for grep that handles long lines and -e
configure:4580: result: /bin/grep
configure:4585: checking for egrep
configure:4647: result: /bin/grep -E
configure:4652: checking for fgrep
configure:4714: result: /bin/grep -F
configure:4749: checking for ld used by gcc
configure:4816: result: /usr/bin/ld
configure:4823: checking if the linker (/usr/bin/ld) is GNU ld
configure:4838: result: yes
configure:4850: checking for BSD- or MS-compatible name lister (nm)
configure:4899: result: /usr/bin/nm -B
configure:5029: checking the name lister (/usr/bin/nm -B) interface
configure:5036: gcc -c -g -O2  conftest.c >&5
configure:5039: /usr/bin/nm -B "conftest.o"
configure:5042: output
0000000000000000 B some_variable
configure:5049: result: BSD nm
configure:5052: checking whether ln -s works
configure:5056: result: yes
configure:5064: checking the maximum length of command line arguments
configure:5194: result: 1572864
configure:5211: checking whether the shell understands some XSI constructs
configure:5221: result: yes
configure:5225: checking whether the shell understands "+="
configure:5231: result: yes
configure:5266: checking how to convert x86_64-unknown-linux-gnu file names to x86_64-unknown-linux-gnu format
configure:5306: result: func_convert_file_noop
configure:5313: checking how to convert x86_64-unknown-linux-gnu file names to toolchain format
configure:5333: result: func_convert_file_noop
configure:5340: checking for /usr/bin/ld option to reload object files
configure:5347: result: -r
configure:5421: checking for objdump
configure:5437: found /usr/bin/objdump
configure:5448: result: objdump
configure:5480: checking how to recognize dependent libraries
configure:5682: result: pass_all
configure:5767: checking for dlltool
configure:5797: result: no
configure:5827: checking how to associate runtime and link libraries
configure:5854: result: printf %s\n
configure:5915: checking for ar
configure:5931: found /usr/bin/ar
configure:5942: result: ar
configure:5979: checking for archiver @FILE support
configure:5996: gcc -c -g -O2  conftest.c >&5
configure:5996: $? = 0
configure:5999: ar cru libconftest.a @conftest.lst >&5
configure:6002: $? = 0
configure:6007: ar cru libconftest.a @conftest.lst >&5
ar: conftest.o: No such file or directory
configure:6010: $? = 1
configure:6022: result: @
configure:6080: checking for strip
configure:6096: found /usr/bin/strip
configure:6107: result: strip
configure:6179: checking for ranlib
configure:6195: found /usr/bin/ranlib
configure:6206: result: ranlib
configure:6308: checking command to parse /usr/bin/nm -B output from gcc object
configure:6428: gcc -c -g -O2  conftest.c >&5
configure:6431: $? = 0
configure:6435: /usr/bin/nm -B conftest.o \| sed -n -e 's/^.*[ ]\([ABCDGIRSTW][ABCDGIRSTW]*\)[ ][ ]*\([_A-Za-z][_A-Za-z0-9]*\)$/\1 \2 \2/p' | sed '/ __gnu_lto/d' \> conftest.nm
configure:6438: $? = 0
configure:6504: gcc -o conftest -g -O2   conftest.c conftstm.o >&5
configure:6507: $? = 0
configure:6545: result: ok
configure:6582: checking for sysroot
configure:6612: result: no
configure:6689: gcc -c -g -O2  conftest.c >&5
configure:6692: $? = 0
configure:6868: checking for mt
configure:6884: found /bin/mt
configure:6895: result: mt
configure:6918: checking if mt is a manifest tool
configure:6924: mt '-?'
configure:6932: result: no
configure:7574: checking how to run the C preprocessor
configure:7605: gcc -E  conftest.c
configure:7605: $? = 0
configure:7619: gcc -E  conftest.c
conftest.c:11:28: fatal error: ac_nonexistent.h: No such file or directory
compilation terminated.
configure:7619: $? = 1
configure: failed program was:
| /* confdefs.h */
| #define PACKAGE_NAME "protobuf-c"
| #define PACKAGE_TARNAME "protobuf-c"
| #define PACKAGE_VERSION "0.15"
| #define PACKAGE_STRING "protobuf-c 0.15"
| #define PACKAGE_BUGREPORT ""
| #define PACKAGE_URL ""
| #define PACKAGE "protobuf-c"
| #define VERSION "0.15"
| /* end confdefs.h.  */
| #include <ac_nonexistent.h>
configure:7644: result: gcc -E
configure:7664: gcc -E  conftest.c
configure:7664: $? = 0
configure:7678: gcc -E  conftest.c
conftest.c:11:28: fatal error: ac_nonexistent.h: No such file or directory
compilation terminated.
configure:7678: $? = 1
configure: failed program was:
| /* confdefs.h */
| #define PACKAGE_NAME "protobuf-c"
| #define PACKAGE_TARNAME "protobuf-c"
| #define PACKAGE_VERSION "0.15"
| #define PACKAGE_STRING "protobuf-c 0.15"
| #define PACKAGE_BUGREPORT ""
| #define PACKAGE_URL ""
| #define PACKAGE "protobuf-c"
| #define VERSION "0.15"
| /* end confdefs.h.  */
| #include <ac_nonexistent.h>
configure:7707: checking for ANSI C header files
configure:7727: gcc -c -g -O2  conftest.c >&5
configure:7727: $? = 0
configure:7800: gcc -o conftest -g -O2   conftest.c  >&5
configure:7800: $? = 0
configure:7800: ./conftest
configure:7800: $? = 0
configure:7811: result: yes
configure:7824: checking for sys/types.h
configure:7824: gcc -c -g -O2  conftest.c >&5
configure:7824: $? = 0
configure:7824: result: yes
configure:7824: checking for sys/stat.h
configure:7824: gcc -c -g -O2  conftest.c >&5
configure:7824: $? = 0
configure:7824: result: yes
configure:7824: checking for stdlib.h
configure:7824: gcc -c -g -O2  conftest.c >&5
configure:7824: $? = 0
configure:7824: result: yes
configure:7824: checking for string.h
configure:7824: gcc -c -g -O2  conftest.c >&5
configure:7824: $? = 0
configure:7824: result: yes
configure:7824: checking for memory.h
configure:7824: gcc -c -g -O2  conftest.c >&5
configure:7824: $? = 0
configure:7824: result: yes
configure:7824: checking for strings.h
configure:7824: gcc -c -g -O2  conftest.c >&5
configure:7824: $? = 0
configure:7824: result: yes
configure:7824: checking for inttypes.h
configure:7824: gcc -c -g -O2  conftest.c >&5
configure:7824: $? = 0
configure:7824: result: yes
configure:7824: checking for stdint.h
configure:7824: gcc -c -g -O2  conftest.c >&5
configure:7824: $? = 0
configure:7824: result: yes
configure:7824: checking for unistd.h
configure:7824: gcc -c -g -O2  conftest.c >&5
configure:7824: $? = 0
configure:7824: result: yes
configure:7838: checking for dlfcn.h
configure:7838: gcc -c -g -O2  conftest.c >&5
configure:7838: $? = 0
configure:7838: result: yes
configure:8055: checking for objdir
configure:8070: result: .libs
configure:8337: checking if gcc supports -fno-rtti -fno-exceptions
configure:8355: gcc -c -g -O2  -fno-rtti -fno-exceptions conftest.c >&5
cc1: warning: command line option '-fno-rtti' is valid for C++/ObjC++ but not for C [enabled by default]
configure:8359: $? = 0
configure:8372: result: no
configure:8699: checking for gcc option to produce PIC
configure:8706: result: -fPIC -DPIC
configure:8714: checking if gcc PIC flag -fPIC -DPIC works
configure:8732: gcc -c -g -O2  -fPIC -DPIC -DPIC conftest.c >&5
configure:8736: $? = 0
configure:8749: result: yes
configure:8778: checking if gcc static flag -static works
configure:8806: result: yes
configure:8821: checking if gcc supports -c -o file.o
configure:8842: gcc -c -g -O2  -o out/conftest2.o conftest.c >&5
configure:8846: $? = 0
configure:8868: result: yes
configure:8876: checking if gcc supports -c -o file.o
configure:8923: result: yes
configure:8956: checking whether the gcc linker (/usr/bin/ld -m elf_x86_64) supports shared libraries
configure:10113: result: yes
configure:10150: checking whether -lc should be explicitly linked in
configure:10158: gcc -c -g -O2  conftest.c >&5
configure:10161: $? = 0
configure:10176: gcc -shared  -fPIC -DPIC conftest.o  -v -Wl,-soname -Wl,conftest -o conftest 2\>\&1 \| /bin/grep  -lc  \>/dev/null 2\>\&1
configure:10179: $? = 0
configure:10193: result: no
configure:10353: checking dynamic linker characteristics
configure:10864: gcc -o conftest -g -O2   -Wl,-rpath -Wl,/foo conftest.c  >&5
configure:10864: $? = 0
configure:11098: result: GNU/Linux ld.so
configure:11205: checking how to hardcode library paths into programs
configure:11230: result: immediate
configure:11770: checking whether stripping libraries is possible
configure:11775: result: yes
configure:11810: checking if libtool supports shared libraries
configure:11812: result: yes
configure:11815: checking whether to build shared libraries
configure:11836: result: yes
configure:11839: checking whether to build static libraries
configure:11843: result: yes
configure:11866: checking how to run the C++ preprocessor
configure:11893: g++ -E  conftest.cpp
configure:11893: $? = 0
configure:11907: g++ -E  conftest.cpp
conftest.cpp:23:28: fatal error: ac_nonexistent.h: No such file or directory
compilation terminated.
configure:11907: $? = 1
configure: failed program was:
| /* confdefs.h */
| #define PACKAGE_NAME "protobuf-c"
| #define PACKAGE_TARNAME "protobuf-c"
| #define PACKAGE_VERSION "0.15"
| #define PACKAGE_STRING "protobuf-c 0.15"
| #define PACKAGE_BUGREPORT ""
| #define PACKAGE_URL ""
| #define PACKAGE "protobuf-c"
| #define VERSION "0.15"
| #define STDC_HEADERS 1
| #define HAVE_SYS_TYPES_H 1
| #define HAVE_SYS_STAT_H 1
| #define HAVE_STDLIB_H 1
| #define HAVE_STRING_H 1
| #define HAVE_MEMORY_H 1
| #define HAVE_STRINGS_H 1
| #define HAVE_INTTYPES_H 1
| #define HAVE_STDINT_H 1
| #define HAVE_UNISTD_H 1
| #define HAVE_DLFCN_H 1
| #define LT_OBJDIR ".libs/"
| /* end confdefs.h.  */
| #include <ac_nonexistent.h>
configure:11932: result: g++ -E
configure:11952: g++ -E  conftest.cpp
configure:11952: $? = 0
configure:11966: g++ -E  conftest.cpp
conftest.cpp:23:28: fatal error: ac_nonexistent.h: No such file or directory
compilation terminated.
configure:11966: $? = 1
configure: failed program was:
| /* confdefs.h */
| #define PACKAGE_NAME "protobuf-c"
| #define PACKAGE_TARNAME "protobuf-c"
| #define PACKAGE_VERSION "0.15"
| #define PACKAGE_STRING "protobuf-c 0.15"
| #define PACKAGE_BUGREPORT ""
| #define PACKAGE_URL ""
| #define PACKAGE "protobuf-c"
| #define VERSION "0.15"
| #define STDC_HEADERS 1
| #define HAVE_SYS_TYPES_H 1
| #define HAVE_SYS_STAT_H 1
| #define HAVE_STDLIB_H 1
| #define HAVE_STRING_H 1
| #define HAVE_MEMORY_H 1
| #define HAVE_STRINGS_H 1
| #define HAVE_INTTYPES_H 1
| #define HAVE_STDINT_H 1
| #define HAVE_UNISTD_H 1
| #define HAVE_DLFCN_H 1
| #define LT_OBJDIR ".libs/"
| /* end confdefs.h.  */
| #include <ac_nonexistent.h>
configure:12135: checking for ld used by g++
configure:12202: result: /usr/bin/ld -m elf_x86_64
configure:12209: checking if the linker (/usr/bin/ld -m elf_x86_64) is GNU ld
configure:12224: result: yes
configure:12279: checking whether the g++ linker (/usr/bin/ld -m elf_x86_64) supports shared libraries
configure:13284: result: yes
configure:13320: g++ -c -g -O2  conftest.cpp >&5
configure:13323: $? = 0
configure:13843: checking for g++ option to produce PIC
configure:13850: result: -fPIC -DPIC
configure:13858: checking if g++ PIC flag -fPIC -DPIC works
configure:13876: g++ -c -g -O2  -fPIC -DPIC -DPIC conftest.cpp >&5
configure:13880: $? = 0
configure:13893: result: yes
configure:13916: checking if g++ static flag -static works
configure:13944: result: yes
configure:13956: checking if g++ supports -c -o file.o
configure:13977: g++ -c -g -O2  -o out/conftest2.o conftest.cpp >&5
configure:13981: $? = 0
configure:14003: result: yes
configure:14008: checking if g++ supports -c -o file.o
configure:14055: result: yes
configure:14085: checking whether the g++ linker (/usr/bin/ld -m elf_x86_64) supports shared libraries
configure:14124: result: yes
configure:14265: checking dynamic linker characteristics
configure:14944: result: GNU/Linux ld.so
configure:14997: checking how to hardcode library paths into programs
configure:15022: result: immediate
configure:15085: checking for protoc
configure:15103: found /usr/local/bin/protoc
configure:15115: result: /usr/local/bin/protoc
configure:15125: checking for inttypes.h
configure:15125: result: yes
configure:15137: checking sys/poll.h usability
configure:15137: gcc -c -g -O2  conftest.c >&5
configure:15137: $? = 0
configure:15137: result: yes
configure:15137: checking sys/poll.h presence
configure:15137: gcc -E  conftest.c
configure:15137: $? = 0
configure:15137: result: yes
configure:15137: checking for sys/poll.h
configure:15137: result: yes
configure:15149: checking sys/select.h usability
configure:15149: gcc -c -g -O2  conftest.c >&5
configure:15149: $? = 0
configure:15149: result: yes
configure:15149: checking sys/select.h presence
configure:15149: gcc -E  conftest.c
configure:15149: $? = 0
configure:15149: result: yes
configure:15149: checking for sys/select.h
configure:15149: result: yes
configure:15161: checking alloca.h usability
configure:15161: gcc -c -g -O2  conftest.c >&5
configure:15161: $? = 0
configure:15161: result: yes
configure:15161: checking alloca.h presence
configure:15161: gcc -E  conftest.c
configure:15161: $? = 0
configure:15161: result: yes
configure:15161: checking for alloca.h
configure:15161: result: yes
configure:15173: checking malloc.h usability
configure:15173: gcc -c -g -O2  conftest.c >&5
configure:15173: $? = 0
configure:15173: result: yes
configure:15173: checking malloc.h presence
configure:15173: gcc -E  conftest.c
configure:15173: $? = 0
configure:15173: result: yes
configure:15173: checking for malloc.h
configure:15173: result: yes
configure:15185: checking winsock.h usability
configure:15185: gcc -c -g -O2  conftest.c >&5
conftest.c:61:21: fatal error: winsock.h: No such file or directory
compilation terminated.
configure:15185: $? = 1
configure: failed program was:
| /* confdefs.h */
| #define PACKAGE_NAME "protobuf-c"
| #define PACKAGE_TARNAME "protobuf-c"
| #define PACKAGE_VERSION "0.15"
| #define PACKAGE_STRING "protobuf-c 0.15"
| #define PACKAGE_BUGREPORT ""
| #define PACKAGE_URL ""
| #define PACKAGE "protobuf-c"
| #define VERSION "0.15"
| #define STDC_HEADERS 1
| #define HAVE_SYS_TYPES_H 1
| #define HAVE_SYS_STAT_H 1
| #define HAVE_STDLIB_H 1
| #define HAVE_STRING_H 1
| #define HAVE_MEMORY_H 1
| #define HAVE_STRINGS_H 1
| #define HAVE_INTTYPES_H 1
| #define HAVE_STDINT_H 1
| #define HAVE_UNISTD_H 1
| #define HAVE_DLFCN_H 1
| #define LT_OBJDIR ".libs/"
| #define HAVE_INTTYPES_H 1
| #define HAVE_SYS_POLL_H 1
| #define HAVE_SYS_SELECT_H 1
| #define HAVE_ALLOCA_H 1
| #define HAVE_MALLOC_H 1
| /* end confdefs.h.  */
| #include <stdio.h>
| #ifdef HAVE_SYS_TYPES_H
| # include <sys/types.h>
| #endif
| #ifdef HAVE_SYS_STAT_H
| # include <sys/stat.h>
| #endif
| #ifdef STDC_HEADERS
| # include <stdlib.h>
| # include <stddef.h>
| #else
| # ifdef HAVE_STDLIB_H
| #  include <stdlib.h>
| # endif
| #endif
| #ifdef HAVE_STRING_H
| # if !defined STDC_HEADERS && defined HAVE_MEMORY_H
| #  include <memory.h>
| # endif
| # include <string.h>
| #endif
| #ifdef HAVE_STRINGS_H
| # include <strings.h>
| #endif
| #ifdef HAVE_INTTYPES_H
| # include <inttypes.h>
| #endif
| #ifdef HAVE_STDINT_H
| # include <stdint.h>
| #endif
| #ifdef HAVE_UNISTD_H
| # include <unistd.h>
| #endif
| #include <winsock.h>
configure:15185: result: no
configure:15185: checking winsock.h presence
configure:15185: gcc -E  conftest.c
conftest.c:28:21: fatal error: winsock.h: No such file or directory
compilation terminated.
configure:15185: $? = 1
configure: failed program was:
| /* confdefs.h */
| #define PACKAGE_NAME "protobuf-c"
| #define PACKAGE_TARNAME "protobuf-c"
| #define PACKAGE_VERSION "0.15"
| #define PACKAGE_STRING "protobuf-c 0.15"
| #define PACKAGE_BUGREPORT ""
| #define PACKAGE_URL ""
| #define PACKAGE "protobuf-c"
| #define VERSION "0.15"
| #define STDC_HEADERS 1
| #define HAVE_SYS_TYPES_H 1
| #define HAVE_SYS_STAT_H 1
| #define HAVE_STDLIB_H 1
| #define HAVE_STRING_H 1
| #define HAVE_MEMORY_H 1
| #define HAVE_STRINGS_H 1
| #define HAVE_INTTYPES_H 1
| #define HAVE_STDINT_H 1
| #define HAVE_UNISTD_H 1
| #define HAVE_DLFCN_H 1
| #define LT_OBJDIR ".libs/"
| #define HAVE_INTTYPES_H 1
| #define HAVE_SYS_POLL_H 1
| #define HAVE_SYS_SELECT_H 1
| #define HAVE_ALLOCA_H 1
| #define HAVE_MALLOC_H 1
| /* end confdefs.h.  */
| #include <winsock.h>
configure:15185: result: no
configure:15185: checking for winsock.h
configure:15185: result: no
configure:15197: checking io.h usability
configure:15197: gcc -c -g -O2  conftest.c >&5
conftest.c:61:16: fatal error: io.h: No such file or directory
compilation terminated.
configure:15197: $? = 1
configure: failed program was:
| /* confdefs.h */
| #define PACKAGE_NAME "protobuf-c"
| #define PACKAGE_TARNAME "protobuf-c"
| #define PACKAGE_VERSION "0.15"
| #define PACKAGE_STRING "protobuf-c 0.15"
| #define PACKAGE_BUGREPORT ""
| #define PACKAGE_URL ""
| #define PACKAGE "protobuf-c"
| #define VERSION "0.15"
| #define STDC_HEADERS 1
| #define HAVE_SYS_TYPES_H 1
| #define HAVE_SYS_STAT_H 1
| #define HAVE_STDLIB_H 1
| #define HAVE_STRING_H 1
| #define HAVE_MEMORY_H 1
| #define HAVE_STRINGS_H 1
| #define HAVE_INTTYPES_H 1
| #define HAVE_STDINT_H 1
| #define HAVE_UNISTD_H 1
| #define HAVE_DLFCN_H 1
| #define LT_OBJDIR ".libs/"
| #define HAVE_INTTYPES_H 1
| #define HAVE_SYS_POLL_H 1
| #define HAVE_SYS_SELECT_H 1
| #define HAVE_ALLOCA_H 1
| #define HAVE_MALLOC_H 1
| /* end confdefs.h.  */
| #include <stdio.h>
| #ifdef HAVE_SYS_TYPES_H
| # include <sys/types.h>
| #endif
| #ifdef HAVE_SYS_STAT_H
| # include <sys/stat.h>
| #endif
| #ifdef STDC_HEADERS
| # include <stdlib.h>
| # include <stddef.h>
| #else
| # ifdef HAVE_STDLIB_H
| #  include <stdlib.h>
| # endif
| #endif
| #ifdef HAVE_STRING_H
| # if !defined STDC_HEADERS && defined HAVE_MEMORY_H
| #  include <memory.h>
| # endif
| # include <string.h>
| #endif
| #ifdef HAVE_STRINGS_H
| # include <strings.h>
| #endif
| #ifdef HAVE_INTTYPES_H
| # include <inttypes.h>
| #endif
| #ifdef HAVE_STDINT_H
| # include <stdint.h>
| #endif
| #ifdef HAVE_UNISTD_H
| # include <unistd.h>
| #endif
| #include <io.h>
configure:15197: result: no
configure:15197: checking io.h presence
configure:15197: gcc -E  conftest.c
conftest.c:28:16: fatal error: io.h: No such file or directory
compilation terminated.
configure:15197: $? = 1
configure: failed program was:
| /* confdefs.h */
| #define PACKAGE_NAME "protobuf-c"
| #define PACKAGE_TARNAME "protobuf-c"
| #define PACKAGE_VERSION "0.15"
| #define PACKAGE_STRING "protobuf-c 0.15"
| #define PACKAGE_BUGREPORT ""
| #define PACKAGE_URL ""
| #define PACKAGE "protobuf-c"
| #define VERSION "0.15"
| #define STDC_HEADERS 1
| #define HAVE_SYS_TYPES_H 1
| #define HAVE_SYS_STAT_H 1
| #define HAVE_STDLIB_H 1
| #define HAVE_STRING_H 1
| #define HAVE_MEMORY_H 1
| #define HAVE_STRINGS_H 1
| #define HAVE_INTTYPES_H 1
| #define HAVE_STDINT_H 1
| #define HAVE_UNISTD_H 1
| #define HAVE_DLFCN_H 1
| #define LT_OBJDIR ".libs/"
| #define HAVE_INTTYPES_H 1
| #define HAVE_SYS_POLL_H 1
| #define HAVE_SYS_SELECT_H 1
| #define HAVE_ALLOCA_H 1
| #define HAVE_MALLOC_H 1
| /* end confdefs.h.  */
| #include <io.h>
configure:15197: result: no
configure:15197: checking for io.h
configure:15197: result: no
configure:15209: checking sys/uio.h usability
configure:15209: gcc -c -g -O2  conftest.c >&5
configure:15209: $? = 0
configure:15209: result: yes
configure:15209: checking sys/uio.h presence
configure:15209: gcc -E  conftest.c
configure:15209: $? = 0
configure:15209: result: yes
configure:15209: checking for sys/uio.h
configure:15209: result: yes
configure:15221: checking for unistd.h
configure:15221: result: yes
configure:15258: checking google/protobuf/stubs/common.h usability
configure:15258: g++ -c -g -O2  conftest.cpp >&5
configure:15258: $? = 0
configure:15258: result: yes
configure:15258: checking google/protobuf/stubs/common.h presence
configure:15258: g++ -E  conftest.cpp
configure:15258: $? = 0
configure:15258: result: yes
configure:15258: checking for google/protobuf/stubs/common.h
configure:15258: result: yes
configure:15295: g++ -o conftest -g -O2   conftest.cpp  -lprotoc -lprotobuf -lpthread >&5
configure:15295: $? = 0
configure:15366: checking endian.h usability
configure:15366: gcc -c -g -O2  conftest.c >&5
configure:15366: $? = 0
configure:15366: result: yes
configure:15366: checking endian.h presence
configure:15366: gcc -E  conftest.c
configure:15366: $? = 0
configure:15366: result: yes
configure:15366: checking for endian.h
configure:15366: result: yes
configure:15392: gcc -c -g -O2  conftest.c >&5
conftest.c: In function 'main':
conftest.c:37:6: error: duplicate case value
conftest.c:36:20: error: previously used here
configure:15392: $? = 1
configure: failed program was:
| /* confdefs.h */
| #define PACKAGE_NAME "protobuf-c"
| #define PACKAGE_TARNAME "protobuf-c"
| #define PACKAGE_VERSION "0.15"
| #define PACKAGE_STRING "protobuf-c 0.15"
| #define PACKAGE_BUGREPORT ""
| #define PACKAGE_URL ""
| #define PACKAGE "protobuf-c"
| #define VERSION "0.15"
| #define STDC_HEADERS 1
| #define HAVE_SYS_TYPES_H 1
| #define HAVE_SYS_STAT_H 1
| #define HAVE_STDLIB_H 1
| #define HAVE_STRING_H 1
| #define HAVE_MEMORY_H 1
| #define HAVE_STRINGS_H 1
| #define HAVE_INTTYPES_H 1
| #define HAVE_STDINT_H 1
| #define HAVE_UNISTD_H 1
| #define HAVE_DLFCN_H 1
| #define LT_OBJDIR ".libs/"
| #define HAVE_INTTYPES_H 1
| #define HAVE_SYS_POLL_H 1
| #define HAVE_SYS_SELECT_H 1
| #define HAVE_ALLOCA_H 1
| #define HAVE_MALLOC_H 1
| #define HAVE_SYS_UIO_H 1
| #define HAVE_UNISTD_H 1
| #define HAVE_ENDIAN_H 1
| /* end confdefs.h.  */
| #include <endian.h>
| int
| main ()
| {
| 
|       switch (1) { case __LITTLE_ENDIAN: break;
| 		   case __BYTE_ORDER: break; }
|   ;
|   return 0;
| }
configure:15694: creating ./config.status

## ---------------------- ##
## Running config.status. ##
## ---------------------- ##

This file was extended by protobuf-c config.status 0.15, which was
generated by GNU Autoconf 2.68.  Invocation command line was

  CONFIG_FILES    = 
  CONFIG_HEADERS  = 
  CONFIG_LINKS    = 
  CONFIG_COMMANDS = 
  $ ./config.status 

on zenfire

config.status:1082: creating Makefile
config.status:1082: creating src/Makefile
config.status:1082: creating src/test/Makefile
config.status:1082: creating pkgwriteinfo
config.status:1082: creating libprotobuf-c.pc
config.status:1254: executing depfiles commands
config.status:1254: executing libtool commands

## ---------------- ##
## Cache variables. ##
## ---------------- ##

ac_cv_build=x86_64-unknown-linux-gnu
ac_cv_c_compiler_gnu=yes
ac_cv_cxx_compiler_gnu=yes
ac_cv_env_CCC_set=
ac_cv_env_CCC_value=
ac_cv_env_CC_set=
ac_cv_env_CC_value=
ac_cv_env_CFLAGS_set=
ac_cv_env_CFLAGS_value=
ac_cv_env_CPPFLAGS_set=
ac_cv_env_CPPFLAGS_value=
ac_cv_env_CPP_set=
ac_cv_env_CPP_value=
ac_cv_env_CXXCPP_set=
ac_cv_env_CXXCPP_value=
ac_cv_env_CXXFLAGS_set=
ac_cv_env_CXXFLAGS_value=
ac_cv_env_CXX_set=
ac_cv_env_CXX_value=
ac_cv_env_LDFLAGS_set=
ac_cv_env_LDFLAGS_value=
ac_cv_env_LIBS_set=
ac_cv_env_LIBS_value=
ac_cv_env_build_alias_set=
ac_cv_env_build_alias_value=
ac_cv_env_host_alias_set=
ac_cv_env_host_alias_value=
ac_cv_env_target_alias_set=
ac_cv_env_target_alias_value=
ac_cv_header_alloca_h=yes
ac_cv_header_dlfcn_h=yes
ac_cv_header_endian_h=yes
ac_cv_header_google_protobuf_stubs_common_h=yes
ac_cv_header_inttypes_h=yes
ac_cv_header_io_h=no
ac_cv_header_malloc_h=yes
ac_cv_header_memory_h=yes
ac_cv_header_stdc=yes
ac_cv_header_stdint_h=yes
ac_cv_header_stdlib_h=yes
ac_cv_header_string_h=yes
ac_cv_header_strings_h=yes
ac_cv_header_sys_poll_h=yes
ac_cv_header_sys_select_h=yes
ac_cv_header_sys_stat_h=yes
ac_cv_header_sys_types_h=yes
ac_cv_header_sys_uio_h=yes
ac_cv_header_unistd_h=yes
ac_cv_header_winsock_h=no
ac_cv_host=x86_64-unknown-linux-gnu
ac_cv_objext=o
ac_cv_path_EGREP='/bin/grep -E'
ac_cv_path_FGREP='/bin/grep -F'
ac_cv_path_GREP=/bin/grep
ac_cv_path_PROTOC=/usr/local/bin/protoc
ac_cv_path_SED=/bin/sed
ac_cv_path_install='/usr/bin/install -c'
ac_cv_path_mkdir=/bin/mkdir
ac_cv_prog_AWK=mawk
ac_cv_prog_CPP='gcc -E'
ac_cv_prog_CXXCPP='g++ -E'
ac_cv_prog_ac_ct_AR=ar
ac_cv_prog_ac_ct_CC=gcc
ac_cv_prog_ac_ct_CXX=g++
ac_cv_prog_ac_ct_MANIFEST_TOOL=mt
ac_cv_prog_ac_ct_OBJDUMP=objdump
ac_cv_prog_ac_ct_RANLIB=ranlib
ac_cv_prog_ac_ct_STRIP=strip
ac_cv_prog_cc_c89=
ac_cv_prog_cc_g=yes
ac_cv_prog_cxx_g=yes
ac_cv_prog_make_make_set=yes
am_cv_CC_dependencies_compiler_type=gcc3
am_cv_CXX_dependencies_compiler_type=gcc3
lt_cv_ar_at_file=@
lt_cv_archive_cmds_need_lc=no
lt_cv_deplibs_check_method=pass_all
lt_cv_file_magic_cmd='$MAGIC_CMD'
lt_cv_file_magic_test_file=
lt_cv_ld_reload_flag=-r
lt_cv_nm_interface='BSD nm'
lt_cv_objdir=.libs
lt_cv_path_LD=/usr/bin/ld
lt_cv_path_LDCXX='/usr/bin/ld -m elf_x86_64'
lt_cv_path_NM='/usr/bin/nm -B'
lt_cv_path_mainfest_tool=no
lt_cv_prog_compiler_c_o=yes
lt_cv_prog_compiler_c_o_CXX=yes
lt_cv_prog_compiler_pic='-fPIC -DPIC'
lt_cv_prog_compiler_pic_CXX='-fPIC -DPIC'
lt_cv_prog_compiler_pic_works=yes
lt_cv_prog_compiler_pic_works_CXX=yes
lt_cv_prog_compiler_rtti_exceptions=no
lt_cv_prog_compiler_static_works=yes
lt_cv_prog_compiler_static_works_CXX=yes
lt_cv_prog_gnu_ld=yes
lt_cv_prog_gnu_ldcxx=yes
lt_cv_sharedlib_from_linklib_cmd='printf %s\n'
lt_cv_shlibpath_overrides_runpath=no
lt_cv_sys_global_symbol_pipe='sed -n -e '\''s/^.*[	 ]\([ABCDGIRSTW][ABCDGIRSTW]*\)[	 ][	 ]*\([_A-Za-z][_A-Za-z0-9]*\)$/\1 \2 \2/p'\'' | sed '\''/ __gnu_lto/d'\'''
lt_cv_sys_global_symbol_to_c_name_address='sed -n -e '\''s/^: \([^ ]*\)[ ]*$/  {\"\1\", (void *) 0},/p'\'' -e '\''s/^[ABCDGIRSTW]* \([^ ]*\) \([^ ]*\)$/  {"\2", (void *) \&\2},/p'\'''
lt_cv_sys_global_symbol_to_c_name_address_lib_prefix='sed -n -e '\''s/^: \([^ ]*\)[ ]*$/  {\"\1\", (void *) 0},/p'\'' -e '\''s/^[ABCDGIRSTW]* \([^ ]*\) \(lib[^ ]*\)$/  {"\2", (void *) \&\2},/p'\'' -e '\''s/^[ABCDGIRSTW]* \([^ ]*\) \([^ ]*\)$/  {"lib\2", (void *) \&\2},/p'\'''
lt_cv_sys_global_symbol_to_cdecl='sed -n -e '\''s/^T .* \(.*\)$/extern int \1();/p'\'' -e '\''s/^[ABCDGIRSTW]* .* \(.*\)$/extern char \1;/p'\'''
lt_cv_sys_max_cmd_len=1572864
lt_cv_to_host_file_cmd=func_convert_file_noop
lt_cv_to_tool_file_cmd=func_convert_file_noop

## ----------------- ##
## Output variables. ##
## ----------------- ##

ACLOCAL='${SHELL} /home/bmw39/scratch/protobuf/protobuf-c-read-only/missing --run aclocal-1.11'
AMDEPBACKSLASH='\'
AMDEP_FALSE='#'
AMDEP_TRUE=''
AMTAR='$${TAR-tar}'
AR='ar'
AUTOCONF='${SHELL} /home/bmw39/scratch/protobuf/protobuf-c-read-only/missing --run autoconf'
AUTOHEADER='${SHELL} /home/bmw39/scratch/protobuf/protobuf-c-read-only/missing --run autoheader'
AUTOMAKE='${SHELL} /home/bmw39/scratch/protobuf/protobuf-c-read-only/missing --run automake-1.11'
AWK='mawk'
BUILD_PROTOC_C_FALSE='#'
BUILD_PROTOC_C_TRUE=''
CC='gcc'
CCDEPMODE='depmode=gcc3'
CFLAGS='-g -O2'
CPP='gcc -E'
CPPFLAGS=''
CXX='g++'
CXXCPP='g++ -E'
CXXDEPMODE='depmode=gcc3'
CXXFLAGS='-g -O2'
CYGPATH_W='echo'
DEFS='-DPACKAGE_NAME=\"protobuf-c\" -DPACKAGE_TARNAME=\"protobuf-c\" -DPACKAGE_VERSION=\"0.15\" -DPACKAGE_STRING=\"protobuf-c\ 0.15\" -DPACKAGE_BUGREPORT=\"\" -DPACKAGE_URL=\"\" -DPACKAGE=\"protobuf-c\" -DVERSION=\"0.15\" -DSTDC_HEADERS=1 -DHAVE_SYS_TYPES_H=1 -DHAVE_SYS_STAT_H=1 -DHAVE_STDLIB_H=1 -DHAVE_STRING_H=1 -DHAVE_MEMORY_H=1 -DHAVE_STRINGS_H=1 -DHAVE_INTTYPES_H=1 -DHAVE_STDINT_H=1 -DHAVE_UNISTD_H=1 -DHAVE_DLFCN_H=1 -DLT_OBJDIR=\".libs/\" -DHAVE_INTTYPES_H=1 -DHAVE_SYS_POLL_H=1 -DHAVE_SYS_SELECT_H=1 -DHAVE_ALLOCA_H=1 -DHAVE_MALLOC_H=1 -DHAVE_SYS_UIO_H=1 -DHAVE_UNISTD_H=1 -DHAVE_ENDIAN_H=1 -DIS_LITTLE_ENDIAN=1'
DEPDIR='.deps'
DLLTOOL='false'
DSYMUTIL=''
DUMPBIN=''
ECHO_C=''
ECHO_N='-n'
ECHO_T=''
EGREP='/bin/grep -E'
EXEEXT=''
FGREP='/bin/grep -F'
GREP='/bin/grep'
INSTALL_DATA='${INSTALL} -m 644'
INSTALL_PROGRAM='${INSTALL}'
INSTALL_SCRIPT='${INSTALL}'
INSTALL_STRIP_PROGRAM='$(install_sh) -c -s'
LD='/usr/bin/ld -m elf_x86_64'
LDFLAGS=''
LIBOBJS=''
LIBS=''
LIBTOOL='$(SHELL) $(top_builddir)/libtool'
LIPO=''
LN_S='ln -s'
LTLIBOBJS=''
MAKEINFO='${SHELL} /home/bmw39/scratch/protobuf/protobuf-c-read-only/missing --run makeinfo'
MANIFEST_TOOL=':'
MKDIR_P='/bin/mkdir -p'
NM='/usr/bin/nm -B'
NMEDIT=''
OBJDUMP='objdump'
OBJEXT='o'
OTOOL64=''
OTOOL=''
PACKAGE='protobuf-c'
PACKAGE_BUGREPORT=''
PACKAGE_NAME='protobuf-c'
PACKAGE_STRING='protobuf-c 0.15'
PACKAGE_TARNAME='protobuf-c'
PACKAGE_URL=''
PACKAGE_VERSION='0.15'
PATH_SEPARATOR=':'
PROTOC='/usr/local/bin/protoc'
RANLIB='ranlib'
SED='/bin/sed'
SET_MAKE=''
SHELL='/bin/bash'
STRIP='strip'
VERSION='0.15'
ac_ct_AR='ar'
ac_ct_CC='gcc'
ac_ct_CXX='g++'
ac_ct_DUMPBIN=''
am__EXEEXT_FALSE=''
am__EXEEXT_TRUE='#'
am__fastdepCC_FALSE='#'
am__fastdepCC_TRUE=''
am__fastdepCXX_FALSE='#'
am__fastdepCXX_TRUE=''
am__include='include'
am__isrc=''
am__leading_dot='.'
am__nodep='_no'
am__quote=''
am__tar='$${TAR-tar} chof - "$$tardir"'
am__untar='$${TAR-tar} xf -'
bindir='${exec_prefix}/bin'
build='x86_64-unknown-linux-gnu'
build_alias=''
build_cpu='x86_64'
build_os='linux-gnu'
build_vendor='unknown'
datadir='${datarootdir}'
datarootdir='${prefix}/share'
docdir='${datarootdir}/doc/${PACKAGE_TARNAME}'
dvidir='${docdir}'
exec_prefix='${prefix}'
host='x86_64-unknown-linux-gnu'
host_alias=''
host_cpu='x86_64'
host_os='linux-gnu'
host_vendor='unknown'
htmldir='${docdir}'
includedir='${prefix}/include'
infodir='${datarootdir}/info'
install_sh='${SHELL} /home/bmw39/scratch/protobuf/protobuf-c-read-only/install-sh'
libdir='${exec_prefix}/lib'
libexecdir='${exec_prefix}/libexec'
localedir='${datarootdir}/locale'
localstatedir='${prefix}/var'
mandir='${datarootdir}/man'
mkdir_p='/bin/mkdir -p'
oldincludedir='/usr/include'
pdfdir='${docdir}'
prefix='/usr/local'
program_transform_name='s,x,x,'
psdir='${docdir}'
sbindir='${exec_prefix}/sbin'
sharedstatedir='${prefix}/com'
sysconfdir='${prefix}/etc'
target_alias=''

## ----------- ##
## confdefs.h. ##
## ----------- ##

/* confdefs.h */
#define PACKAGE_NAME "protobuf-c"
#define PACKAGE_TARNAME "protobuf-c"
#define PACKAGE_VERSION "0.15"
#define PACKAGE_STRING "protobuf-c 0.15"
#define PACKAGE_BUGREPORT ""
#define PACKAGE_URL ""
#define PACKAGE "protobuf-c"
#define VERSION "0.15"
#define STDC_HEADERS 1
#define HAVE_SYS_TYPES_H 1
#define HAVE_SYS_STAT_H 1
#define HAVE_STDLIB_H 1
#define HAVE_STRING_H 1
#define HAVE_MEMORY_H 1
#define HAVE_STRINGS_H 1
#define HAVE_INTTYPES_H 1
#define HAVE_STDINT_H 1
#define HAVE_UNISTD_H 1
#define HAVE_DLFCN_H 1
#define LT_OBJDIR ".libs/"
#define HAVE_INTTYPES_H 1
#define HAVE_SYS_POLL_H 1
#define HAVE_SYS_SELECT_H 1
#define HAVE_ALLOCA_H 1
#define HAVE_MALLOC_H 1
#define HAVE_SYS_UIO_H 1
#define HAVE_UNISTD_H 1
#define HAVE_ENDIAN_H 1
#define IS_LITTLE_ENDIAN 1

configure: exit 0
